[38;5;0m[HTTP][0m [37m-->[39m [37mPOST[39m [37m/session[39m
[38;5;0m[HTTP][0m [90m{"capabilities":{"alwaysMatch":{"platformName":"Android","appium:automationName":"UiAutomator2","appium:deviceName":"Galaxy A21s","appium:platformVersion":"12.0","appium:app":"C:\\Users\\dicky\\Sanbercode\\Tugas_akhir_mobile_ui\\test\\apk\\Diet_meal.apk","appium:appPackage":"com.fghilmany.dietmealapp","appium:appActivity":"com.fghilmany.dietmealapp.ui.main.MainActivity","appium:noReset":true,"appium:forceAppLaunch":true},"firstMatch":[{}]},"desiredCapabilities":{"platformName":"Android","appium:automationName":"UiAutomator2","appium:deviceName":"Galaxy A21s","appium:platformVersion":"12.0","appium:app":"C:\\Users\\dicky\\Sanbercode\\Tugas_akhir_mobile_ui\\test\\apk\\Diet_meal.apk","appium:appPackage":"com.fghilmany.dietmealapp","appium:appActivity":"com.fghilmany.dietmealapp.ui.main.MainActivity","appium:noReset":true,"appium:forceAppLaunch":true}}[39m
[38;5;16m[AppiumDriver@81aa][0m Calling AppiumDriver.createSession() with args: [{"platformName":"Android","appium:automationName":"UiAutomator2","appium:deviceName":"Galaxy A21s","appium:platformVersion":"12.0","appium:app":"C:\\Users\\dicky\\Sanbercode\\Tugas_akhir_mobile_ui\\test\\apk\\Diet_meal.apk","appium:appPackage":"com.fghilmany.dietmealapp","appium:appActivity":"com.fghilmany.dietmealapp.ui.main.MainActivity","appium:noReset":true,"appium:forceAppLaunch":true},null,{"alwaysMatch":{"platformName":"Android","appium:automationName":"UiAutomator2","appium:deviceName":"Galaxy A21s","appium:platformVersion":"12.0","appium:app":"C:\\Users\\dicky\\Sanbercode\\Tugas_akhir_mobile_ui\\test\\apk\\Diet_meal.apk","appium:appPackage":"com.fghilmany.dietmealapp","appium:appActivity":"com.fghilmany.dietmealapp.ui.main.MainActivity","appium:noReset":true,"appium:forceAppLaunch":true},"firstMatch":[{}]}]
[38;5;16m[AppiumDriver@81aa][0m Event 'newSessionRequested' logged at 1710312983517 (13:56:23 GMT+0700 (Indochina Time))
[35m[Appium][39m Attempting to find matching driver for automationName 'UiAutomator2' and platformName 'Android'
[35m[Appium][39m The 'uiautomator2' driver was installed and matched caps.
[35m[Appium][39m Will require it at C:\Users\dicky\.appium\node_modules\appium-uiautomator2-driver
[35m[Appium][39m Requiring driver at C:\Users\dicky\.appium\node_modules\appium-uiautomator2-driver\build\index.js
[38;5;16m[AppiumDriver@81aa][0m Appium v2.5.1 creating new AndroidUiautomator2Driver (v3.0.2) session
[38;5;16m[AppiumDriver@81aa][0m Checking BaseDriver versions for Appium and AndroidUiautomator2Driver
[38;5;16m[AppiumDriver@81aa][0m Appium's BaseDriver version is 9.5.2
[38;5;16m[AppiumDriver@81aa][0m AndroidUiautomator2Driver's BaseDriver version is 9.5.2
[38;5;32m[AndroidUiautomator2Driver@1986][0m Creating session with W3C capabilities: {
[38;5;32m[AndroidUiautomator2Driver@1986][0m   "alwaysMatch": {
[38;5;32m[AndroidUiautomator2Driver@1986][0m     "platformName": "Android",
[38;5;32m[AndroidUiautomator2Driver@1986][0m     "appium:automationName": "UiAutomator2",
[38;5;32m[AndroidUiautomator2Driver@1986][0m     "appium:deviceName": "Galaxy A21s",
[38;5;32m[AndroidUiautomator2Driver@1986][0m     "appium:platformVersion": "12.0",
[38;5;32m[AndroidUiautomator2Driver@1986][0m     "appium:app": "C:\\Users\\dicky\\Sanbercode\\Tugas_akhir_mobile_ui\\test\\apk\\Diet_meal.apk",
[38;5;32m[AndroidUiautomator2Driver@1986][0m     "appium:appPackage": "com.fghilmany.dietmealapp",
[38;5;32m[AndroidUiautomator2Driver@1986][0m     "appium:appActivity": "com.fghilmany.dietmealapp.ui.main.MainActivity",
[38;5;32m[AndroidUiautomator2Driver@1986][0m     "appium:noReset": true,
[38;5;32m[AndroidUiautomator2Driver@1986][0m     "appium:forceAppLaunch": true
[38;5;32m[AndroidUiautomator2Driver@1986][0m   },
[38;5;32m[AndroidUiautomator2Driver@1986][0m   "firstMatch": [
[38;5;32m[AndroidUiautomator2Driver@1986][0m     {}
[38;5;32m[AndroidUiautomator2Driver@1986][0m   ]
[38;5;32m[AndroidUiautomator2Driver@1986][0m }
[38;5;32m[AndroidUiautomator2Driver@1986 (7ac5df70)][0m Session created with session id: 7ac5df70-8804-4602-888c-21c03d9392a5
[38;5;48m[ADB][0m Found 1 'build-tools' folders under 'C:\Users\dicky\AppData\Local\Android\Sdk' (newest first):
[38;5;48m[ADB][0m     C:\Users\dicky\AppData\Local\Android\Sdk\build-tools\34.0.0
[38;5;48m[ADB][0m Using 'adb.exe' from 'C:\Users\dicky\AppData\Local\Android\Sdk\platform-tools\adb.exe'
[38;5;48m[ADB][0m Running 'C:\Users\dicky\AppData\Local\Android\Sdk\platform-tools\adb.exe -P 5037 start-server'
[38;5;32m[AndroidUiautomator2Driver@1986 (7ac5df70)][0m Retrieving device list
[38;5;48m[ADB][0m Trying to find connected Android devices
[38;5;48m[ADB][0m Getting connected devices
[38;5;48m[ADB][0m Connected devices: [{"udid":"RR8NA05A0FP","state":"device"}]
[38;5;32m[AndroidUiautomator2Driver@1986 (7ac5df70)][0m Looking for a device with Android '12.0.0'
[38;5;48m[ADB][0m Setting device id to RR8NA05A0FP
[38;5;48m[ADB][0m Getting device platform version
[38;5;48m[ADB][0m Running 'C:\Users\dicky\AppData\Local\Android\Sdk\platform-tools\adb.exe -P 5037 -s RR8NA05A0FP shell getprop ro.build.version.release'
[38;5;48m[ADB][0m Current device property 'ro.build.version.release': 12
[38;5;32m[AndroidUiautomator2Driver@1986 (7ac5df70)][0m Using device: RR8NA05A0FP
[38;5;48m[ADB][0m Using 'adb.exe' from 'C:\Users\dicky\AppData\Local\Android\Sdk\platform-tools\adb.exe'
[38;5;48m[ADB][0m Running 'C:\Users\dicky\AppData\Local\Android\Sdk\platform-tools\adb.exe -P 5037 start-server'
[38;5;48m[ADB][0m Setting device id to RR8NA05A0FP
[38;5;64m[BaseDriver][0m Using local app 'C:\Users\dicky\Sanbercode\Tugas_akhir_mobile_ui\test\apk\Diet_meal.apk'
[38;5;32m[AndroidUiautomator2Driver@1986 (7ac5df70)][0m Checking whether app is actually present
[38;5;48m[ADB][0m Running 'C:\Users\dicky\AppData\Local\Android\Sdk\platform-tools\adb.exe -P 5037 -s RR8NA05A0FP shell getprop ro.build.version.sdk'
[38;5;48m[ADB][0m Current device property 'ro.build.version.sdk': 31
[38;5;48m[ADB][0m Getting device platform version
[38;5;48m[ADB][0m Running 'C:\Users\dicky\AppData\Local\Android\Sdk\platform-tools\adb.exe -P 5037 -s RR8NA05A0FP shell getprop ro.build.version.release'
[38;5;48m[ADB][0m Current device property 'ro.build.version.release': 12
[38;5;48m[ADB][0m Device API level: 31
[38;5;32m[AndroidUiautomator2Driver@1986 (7ac5df70)][0m Relaxing hidden api policy
[38;5;48m[ADB][0m Running 'C:\Users\dicky\AppData\Local\Android\Sdk\platform-tools\adb.exe -P 5037 -s RR8NA05A0FP shell 'settings put global hidden_api_policy_pre_p_apps 1;settings put global hidden_api_policy_p_apps 1;settings put global hidden_api_policy 1''
[38;5;32m[AndroidUiautomator2Driver@1986 (7ac5df70)][0m Pushing settings apk to the device...
[38;5;48m[ADB][0m Getting package info for 'io.appium.settings'
[38;5;48m[ADB][0m Running 'C:\Users\dicky\AppData\Local\Android\Sdk\platform-tools\adb.exe -P 5037 -s RR8NA05A0FP shell dumpsys package io.appium.settings'
[38;5;48m[ADB][0m The version name of the installed 'io.appium.settings' is greater or equal to the application version name ('5.7.6' >= '5.7.6')
[38;5;48m[ADB][0m There is no need to install/upgrade 'C:\Users\dicky\.appium\node_modules\appium-uiautomator2-driver\node_modules\io.appium.settings\apks\settings_apk-debug.apk'
[38;5;48m[ADB][0m Running 'C:\Users\dicky\AppData\Local\Android\Sdk\platform-tools\adb.exe -P 5037 -s RR8NA05A0FP shell dumpsys activity services io.appium.settings'
[38;5;32m[AndroidUiautomator2Driver@1986 (7ac5df70)][0m io.appium.settings is already running. There is no need to reset its permissions.
[38;5;80m[Logcat][0m Starting logs capture with command: C:\\Users\\dicky\\AppData\\Local\\Android\\Sdk\\platform-tools\\adb.exe -P 5037 -s RR8NA05A0FP logcat -v threadtime
[38;5;48m[ADB][0m Running 'C:\Users\dicky\AppData\Local\Android\Sdk\platform-tools\adb.exe -P 5037 -s RR8NA05A0FP shell appops set io.appium.settings android:mock_location allow'
[38;5;48m[ADB][0m Running 'C:\Users\dicky\AppData\Local\Android\Sdk\platform-tools\adb.exe -P 5037 -s RR8NA05A0FP shell "[ -e '/data/local/tmp/mock_apps.json' ] && echo __PASS__"'
[38;5;48m[ADB][0m Running 'C:\Users\dicky\AppData\Local\Android\Sdk\platform-tools\adb.exe -P 5037 -s RR8NA05A0FP shell cat /data/local/tmp/mock_apps.json'
[38;5;32m[AndroidUiautomator2Driver@1986 (7ac5df70)][0m Forwarding UiAutomator2 Server port 6790 to local port 8200
[38;5;48m[ADB][0m Forwarding system: 8200 to device: 6790
[38;5;48m[ADB][0m Running 'C:\Users\dicky\AppData\Local\Android\Sdk\platform-tools\adb.exe -P 5037 -s RR8NA05A0FP forward tcp:8200 tcp:6790'
[38;5;48m[ADB][0m Getting install status for com.fghilmany.dietmealapp
[38;5;48m[ADB][0m Running 'C:\Users\dicky\AppData\Local\Android\Sdk\platform-tools\adb.exe -P 5037 -s RR8NA05A0FP shell pm path com.fghilmany.dietmealapp'
[38;5;48m[ADB][0m Checking app cert for C:\Users\dicky\.appium\node_modules\appium-uiautomator2-driver\node_modules\appium-uiautomator2-server\apks\appium-uiautomator2-server-v7.0.3.apk
[38;5;48m[ADB][0m Checking app cert for C:\Users\dicky\.appium\node_modules\appium-uiautomator2-driver\node_modules\appium-uiautomator2-server\apks\appium-uiautomator2-server-debug-androidTest.apk
[38;5;48m[ADB][0m Using 'apksigner.jar' from 'C:\Users\dicky\AppData\Local\Android\Sdk\build-tools\34.0.0\lib\apksigner.jar'
[38;5;48m[ADB][0m Starting apksigner: 'C:\\Program Files\\Java\\jdk-21\\bin\\java.exe' -Xmx1024M -Xss1m -jar C:\\Users\\dicky\\AppData\\Local\\Android\\Sdk\\build-tools\\34.0.0\\lib\\apksigner.jar verify --print-certs C:\\Users\\dicky\\.appium\\node_modules\\appium-uiautomator2-driver\\node_modules\\appium-uiautomator2-server\\apks\\appium-uiautomator2-server-debug-androidTest.apk
[38;5;48m[ADB][0m Starting apksigner: 'C:\\Program Files\\Java\\jdk-21\\bin\\java.exe' -Xmx1024M -Xss1m -jar C:\\Users\\dicky\\AppData\\Local\\Android\\Sdk\\build-tools\\34.0.0\\lib\\apksigner.jar verify --print-certs C:\\Users\\dicky\\.appium\\node_modules\\appium-uiautomator2-driver\\node_modules\\appium-uiautomator2-server\\apks\\appium-uiautomator2-server-v7.0.3.apk
[38;5;48m[ADB][0m 'com.fghilmany.dietmealapp' is installed
[38;5;32m[AndroidUiautomator2Driver@1986 (7ac5df70)][0m noReset has been requested and the app is already installed. Doing nothing
[38;5;48m[ADB][0m apksigner stdout: Signer #1 certificate DN: EMAILADDRESS=android@android.com, CN=Android, OU=Android, O=Android, L=Mountain View, ST=California, C=US
[38;5;48m[ADB][0m Signer #1 certificate SHA-256 digest: a40da80a59d170caa950cf15c18c454d47a39b26989d8b640ecd745ba71bf5dc
[38;5;48m[ADB][0m Signer #1 certificate SHA-1 digest: 61ed377e85d386a8dfee6b864bd85b0bfaa5af81
[38;5;48m[ADB][0m Signer #1 certificate MD5 digest: e89b158e4bcf988ebd09eb83f5378e87
[38;5;48m[ADB][0m 
[38;5;48m[ADB][0m sha256 hash did match for 'appium-uiautomator2-server-debug-androidTest.apk'
[38;5;48m[ADB][0m 'C:\Users\dicky\.appium\node_modules\appium-uiautomator2-driver\node_modules\appium-uiautomator2-server\apks\appium-uiautomator2-server-debug-androidTest.apk' is signed with the default certificate
[38;5;48m[ADB][0m Getting install status for io.appium.uiautomator2.server.test
[38;5;48m[ADB][0m Running 'C:\Users\dicky\AppData\Local\Android\Sdk\platform-tools\adb.exe -P 5037 -s RR8NA05A0FP shell pm path io.appium.uiautomator2.server.test'
[38;5;48m[ADB][0m 'io.appium.uiautomator2.server.test' is installed
[38;5;48m[ADB][0m apksigner stdout: Signer #1 certificate DN: EMAILADDRESS=android@android.com, CN=Android, OU=Android, O=Android, L=Mountain View, ST=California, C=US
[38;5;48m[ADB][0m Signer #1 certificate SHA-256 digest: a40da80a59d170caa950cf15c18c454d47a39b26989d8b640ecd745ba71bf5dc
[38;5;48m[ADB][0m Signer #1 certificate SHA-1 digest: 61ed377e85d386a8dfee6b864bd85b0bfaa5af81
[38;5;48m[ADB][0m Signer #1 certificate MD5 digest: e89b158e4bcf988ebd09eb83f5378e87
[38;5;48m[ADB][0m 
[38;5;48m[ADB][0m sha256 hash did match for 'appium-uiautomator2-server-v7.0.3.apk'
[38;5;48m[ADB][0m 'C:\Users\dicky\.appium\node_modules\appium-uiautomator2-driver\node_modules\appium-uiautomator2-server\apks\appium-uiautomator2-server-v7.0.3.apk' is signed with the default certificate
[38;5;48m[ADB][0m Getting package info for 'io.appium.uiautomator2.server'
[38;5;48m[ADB][0m Running 'C:\Users\dicky\AppData\Local\Android\Sdk\platform-tools\adb.exe -P 5037 -s RR8NA05A0FP shell dumpsys package io.appium.uiautomator2.server'
[38;5;48m[ADB][0m The version name of the installed 'io.appium.uiautomator2.server' is greater or equal to the application version name ('7.0.3' >= '7.0.3')
[38;5;32m[AndroidUiautomator2Driver@1986 (7ac5df70)][0m Server packages status: [{"wasSigned":true,"installState":"sameVersionInstalled","appPath":"C:\\Users\\dicky\\.appium\\node_modules\\appium-uiautomator2-driver\\node_modules\\appium-uiautomator2-server\\apks\\appium-uiautomator2-server-v7.0.3.apk","appId":"io.appium.uiautomator2.server"},{"wasSigned":true,"installState":"sameVersionInstalled","appPath":"C:\\Users\\dicky\\.appium\\node_modules\\appium-uiautomator2-driver\\node_modules\\appium-uiautomator2-server\\apks\\appium-uiautomator2-server-debug-androidTest.apk","appId":"io.appium.uiautomator2.server.test"}]
[38;5;32m[AndroidUiautomator2Driver@1986 (7ac5df70)][0m Server packages are not going to be (re)installed
[38;5;32m[AndroidUiautomator2Driver@1986 (7ac5df70)][0m Waiting up to 30000ms for services to be available
[38;5;48m[ADB][0m Running 'C:\Users\dicky\AppData\Local\Android\Sdk\platform-tools\adb.exe -P 5037 -s RR8NA05A0FP shell pm list instrumentation'
[38;5;32m[AndroidUiautomator2Driver@1986 (7ac5df70)][0m Instrumentation target 'io.appium.uiautomator2.server.test/androidx.test.runner.AndroidJUnitRunner' is available
[38;5;48m[ADB][0m Adding packages ["io.appium.settings","io.appium.uiautomator2.server","io.appium.uiautomator2.server.test"] to Doze whitelist
[38;5;48m[ADB][0m Got the following command chunks to execute: [["dumpsys","deviceidle","whitelist","+io.appium.settings",";","dumpsys","deviceidle","whitelist","+io.appium.uiautomator2.server",";","dumpsys","deviceidle","whitelist","+io.appium.uiautomator2.server.test",";"]]
[38;5;48m[ADB][0m Running 'C:\Users\dicky\AppData\Local\Android\Sdk\platform-tools\adb.exe -P 5037 -s RR8NA05A0FP shell dumpsys deviceidle whitelist +io.appium.settings ; dumpsys deviceidle whitelist +io.appium.uiautomator2.server ; dumpsys deviceidle whitelist +io.appium.uiautomator2.server.test ;'
[38;5;32m[AndroidUiautomator2Driver@1986 (7ac5df70)][0m Performing shallow cleanup of automation leftovers
[38;5;32m[AndroidUiautomator2Driver@1986 (7ac5df70)][0m No obsolete sessions have been detected (socket hang up)
[38;5;48m[ADB][0m Running 'C:\Users\dicky\AppData\Local\Android\Sdk\platform-tools\adb.exe -P 5037 -s RR8NA05A0FP shell am force-stop io.appium.uiautomator2.server.test'
[38;5;32m[AndroidUiautomator2Driver@1986 (7ac5df70)][0m Starting UIAutomator2 server 7.0.3
[38;5;32m[AndroidUiautomator2Driver@1986 (7ac5df70)][0m Using UIAutomator2 server from 'C:\Users\dicky\.appium\node_modules\appium-uiautomator2-driver\node_modules\appium-uiautomator2-server\apks\appium-uiautomator2-server-v7.0.3.apk' and test from 'C:\Users\dicky\.appium\node_modules\appium-uiautomator2-driver\node_modules\appium-uiautomator2-server\apks\appium-uiautomator2-server-debug-androidTest.apk'
[38;5;32m[AndroidUiautomator2Driver@1986 (7ac5df70)][0m Waiting up to 30000ms for UiAutomator2 to be online...
[38;5;48m[ADB][0m Creating ADB subprocess with args: ["-P","5037","-s","RR8NA05A0FP","shell","am","instrument","-w","-e","disableAnalytics","true","io.appium.uiautomator2.server.test/androidx.test.runner.AndroidJUnitRunner"]
[38;5;32m[AndroidUiautomator2Driver@1986 (7ac5df70)][0m Matched '/status' to command name 'getStatus'
[38;5;32m[AndroidUiautomator2Driver@1986 (7ac5df70)][0m Proxying [GET /status] to [GET http://127.0.0.1:8200/status] with no body
[38;5;32m[AndroidUiautomator2Driver@1986 (7ac5df70)][0m socket hang up
[38;5;32m[AndroidUiautomator2Driver@1986 (7ac5df70)][0m Matched '/status' to command name 'getStatus'
[38;5;32m[AndroidUiautomator2Driver@1986 (7ac5df70)][0m Proxying [GET /status] to [GET http://127.0.0.1:8200/status] with no body
[38;5;32m[AndroidUiautomator2Driver@1986 (7ac5df70)][0m socket hang up
[38;5;32m[AndroidUiautomator2Driver@1986 (7ac5df70)][0m Matched '/status' to command name 'getStatus'
[38;5;32m[AndroidUiautomator2Driver@1986 (7ac5df70)][0m Proxying [GET /status] to [GET http://127.0.0.1:8200/status] with no body
[38;5;32m[AndroidUiautomator2Driver@1986 (7ac5df70)][0m socket hang up
[38;5;96m[Instrumentation][0m io.appium.uiautomator2.server.test.AppiumUiAutomator2Server:
[38;5;32m[AndroidUiautomator2Driver@1986 (7ac5df70)][0m Matched '/status' to command name 'getStatus'
[38;5;32m[AndroidUiautomator2Driver@1986 (7ac5df70)][0m Proxying [GET /status] to [GET http://127.0.0.1:8200/status] with no body
[38;5;32m[AndroidUiautomator2Driver@1986 (7ac5df70)][0m socket hang up
[38;5;32m[AndroidUiautomator2Driver@1986 (7ac5df70)][0m Matched '/status' to command name 'getStatus'
[38;5;32m[AndroidUiautomator2Driver@1986 (7ac5df70)][0m Proxying [GET /status] to [GET http://127.0.0.1:8200/status] with no body
[38;5;32m[AndroidUiautomator2Driver@1986 (7ac5df70)][0m socket hang up
[38;5;32m[AndroidUiautomator2Driver@1986 (7ac5df70)][0m Matched '/status' to command name 'getStatus'
[38;5;32m[AndroidUiautomator2Driver@1986 (7ac5df70)][0m Proxying [GET /status] to [GET http://127.0.0.1:8200/status] with no body
[38;5;32m[AndroidUiautomator2Driver@1986 (7ac5df70)][0m Got response with status 200: {"sessionId":"None","value":{"message":"UiAutomator2 Server is ready to accept commands","ready":true}}
[38;5;32m[AndroidUiautomator2Driver@1986 (7ac5df70)][0m The initialization of the instrumentation process took 5273ms
[38;5;32m[AndroidUiautomator2Driver@1986 (7ac5df70)][0m Matched '/session' to command name 'createSession'
[38;5;32m[AndroidUiautomator2Driver@1986 (7ac5df70)][0m Proxying [POST /session] to [POST http://127.0.0.1:8200/session] with body: {"capabilities":{"firstMatch":[{"platformName":"Android","automationName":"UiAutomator2","deviceName":"RR8NA05A0FP","platformVersion":"12.0","app":"C:\\Users\\dicky\\Sanbercode\\Tugas_akhir_mobile_ui\\test\\apk\\Diet_meal.apk","appPackage":"com.fghilmany.dietmealapp","appActivity":"com.fghilmany.dietmealapp.ui.main.MainActivity","noReset":true,"forceAppLaunch":true,"platform":"LINUX","webStorageEnabled":false,"takesScreenshot":true,"javascriptEnabled":true,"databaseEnabled":false,"networkConnectionEnabled":true,"locationContextEnabled":false,"warnings":{},"desired":{"platformName":"Android","automationName":"UiAutomator2","deviceName":"Galaxy A21s","platformVersion":"12.0","app":"C:\\Users\\dicky\\Sanbercode\\Tugas_akhir_mobile_ui\\test\\apk\\Diet_meal.apk","appPackage":"com.fghilmany.dietmealapp","appActivity":"com.fghilmany.dietmealapp.ui.main.MainActivity","noReset":true,"forceAppLaunch":true},"deviceUDID":"RR8NA05A0FP"}],"alwaysMatch":{}}}
[38;5;32m[AndroidUiautomator2Driver@1986 (7ac5df70)][0m Got response with status 200: {"sessionId":"e3248665-e0a2-42e6-ac69-20a261731425","value":{"capabilities":{"firstMatch":[{"platformName":"Android","automationName":"UiAutomator2","deviceName":"RR8NA05A0FP","platformVersion":"12.0","app":"C:\\Users\\dicky\\Sanbercode\\Tugas_akhir_mobile_ui\\test\\apk\\Diet_meal.apk","appPackage":"com.fghilmany.dietmealapp","appActivity":"com.fghilmany.dietmealapp.ui.main.MainActivity","noReset":true,"forceAppLaunch":true,"platform":"LINUX","webStorageEnabled":false,"takesScreenshot":true,"javascriptEnabled":true,"databaseEnabled":false,"networkConnectionEnabled":true,"locationContextEnabled":false,"warnings":{},"desired":{"platformName":"Android","automationName":"UiAutomator2","deviceName":"Galaxy A21s","platformVersion":"12.0","app":"C:\\Users\\dicky\\Sanbercode\\Tugas_akhir_mobile_ui\\test\\apk\\Diet_meal.apk","appPackage":"com.fghilmany.dietmealapp","appActivity":"com.fghilmany.dietmealapp.ui.main.MainActivity","noReset":true,"forceAppLaunch":true},"deviceUDID":"RR8NA05A0FP"}],"alwaysMatch":{}},"ses...
[38;5;32m[AndroidUiautomator2Driver@1986 (7ac5df70)][0m Determined the downstream protocol as 'W3C'
[38;5;32m[AndroidUiautomator2Driver@1986 (7ac5df70)][0m Proxying [GET /appium/device/pixel_ratio] to [GET http://127.0.0.1:8200/session/e3248665-e0a2-42e6-ac69-20a261731425/appium/device/pixel_ratio] with no body
[38;5;32m[AndroidUiautomator2Driver@1986 (7ac5df70)][0m Matched '/appium/device/system_bars' to command name 'getSystemBars'
[38;5;32m[AndroidUiautomator2Driver@1986 (7ac5df70)][0m Proxying [GET /appium/device/system_bars] to [GET http://127.0.0.1:8200/session/e3248665-e0a2-42e6-ac69-20a261731425/appium/device/system_bars] with no body
[38;5;32m[AndroidUiautomator2Driver@1986 (7ac5df70)][0m Matched '/window/current/size' to command name 'getWindowSize'
[38;5;32m[AndroidUiautomator2Driver@1986 (7ac5df70)][0m Proxying [GET /window/current/size] to [GET http://127.0.0.1:8200/session/e3248665-e0a2-42e6-ac69-20a261731425/window/current/size] with no body
[38;5;32m[AndroidUiautomator2Driver@1986 (7ac5df70)][0m Proxying [GET /appium/device/info] to [GET http://127.0.0.1:8200/session/e3248665-e0a2-42e6-ac69-20a261731425/appium/device/info] with no body
[38;5;48m[ADB][0m Running 'C:\Users\dicky\AppData\Local\Android\Sdk\platform-tools\adb.exe -P 5037 -s RR8NA05A0FP shell dumpsys window'
[38;5;32m[AndroidUiautomator2Driver@1986 (7ac5df70)][0m Got response with status 200: {"sessionId":"e3248665-e0a2-42e6-ac69-20a261731425","value":1.75}
[38;5;32m[AndroidUiautomator2Driver@1986 (7ac5df70)][0m Got response with status 200: {"sessionId":"e3248665-e0a2-42e6-ac69-20a261731425","value":{"height":1600,"width":720}}
[38;5;32m[AndroidUiautomator2Driver@1986 (7ac5df70)][0m Got response with status 200: {"sessionId":"e3248665-e0a2-42e6-ac69-20a261731425","value":{"statusBar":68}}
[38;5;32m[AndroidUiautomator2Driver@1986 (7ac5df70)][0m Screen already unlocked, doing nothing
[38;5;32m[AndroidUiautomator2Driver@1986 (7ac5df70)][0m Starting 'com.fghilmany.dietmealapp/com.fghilmany.dietmealapp.ui.main.MainActivity and waiting for 'com.fghilmany.dietmealapp/com.fghilmany.dietmealapp.ui.main.MainActivity'
[38;5;48m[ADB][0m Running 'C:\Users\dicky\AppData\Local\Android\Sdk\platform-tools\adb.exe -P 5037 -s RR8NA05A0FP shell am start -W -n com.fghilmany.dietmealapp/com.fghilmany.dietmealapp.ui.main.MainActivity -S -a android.intent.action.MAIN -c android.intent.category.LAUNCHER -f 0x10200000'
[38;5;32m[AndroidUiautomator2Driver@1986 (7ac5df70)][0m Got response with status 200: {"sessionId":"e3248665-e0a2-42e6-ac69-20a261731425","value":{"androidId":"5a30992470f17a46","apiVersion":"31","bluetooth":{"state":"OFF"},"brand":"samsung","carrierName":"3","displayDensity":280,"locale":"en_US","manufacturer":"samsung","model":"SM-A217F","networks":[{"capabilities":{"SSID":null,"linkDownBandwidthKbps":11938,"linkUpstreamBandwidthKbps":11464,"networkCapabilities":"NET_CAPABILITY_NOT_METERED,NET_CAPABILITY_INTERNET,NET_CAPABILITY_NOT_RESTRICTED,NET_CAPABILITY_TRUSTED,NET_CAPABILITY_NOT_VPN,NET_CAPABILITY_VALIDATED,NET_CAPABILITY_NOT_ROAMING,NET_CAPABILITY_FOREGROUND,NET_CAPABILITY_NOT_CONGESTED,NET_CAPABILITY_NOT_SUSPENDED","signalStrength":-70,"transportTypes":"TRANSPORT_WIFI"},"detailedState":"CONNECTED","extraInfo":"","isAvailable":true,"isConnected":true,"isFailover":false,"isRoaming":false,"state":"CONNECTED","subtype":-1,"subtypeName":"","type":1,"typeName":"WIFI"}],"platformVersion":"12","realDisplaySize":"720x1600","timeZone":"Asia/Jakarta"}}
[38;5;16m[AppiumDriver@81aa][0m New AndroidUiautomator2Driver session created successfully, session 7ac5df70-8804-4602-888c-21c03d9392a5 added to master session list
[38;5;16m[AppiumDriver@81aa][0m Event 'newSessionStarted' logged at 1710312993787 (13:56:33 GMT+0700 (Indochina Time))
[38;5;32m[AndroidUiautomator2Driver@1986 (7ac5df70)][0m Cached the protocol value 'W3C' for the new session 7ac5df70-8804-4602-888c-21c03d9392a5
[38;5;32m[AndroidUiautomator2Driver@1986 (7ac5df70)][0m Responding to client with driver.createSession() result: {"capabilities":{"platformName":"Android","automationName":"UiAutomator2","deviceName":"RR8NA05A0FP","platformVersion":"12","app":"C:\\Users\\dicky\\Sanbercode\\Tugas_akhir_mobile_ui\\test\\apk\\Diet_meal.apk","appPackage":"com.fghilmany.dietmealapp","appActivity":"com.fghilmany.dietmealapp.ui.main.MainActivity","noReset":true,"forceAppLaunch":true,"platform":"LINUX","webStorageEnabled":false,"takesScreenshot":true,"javascriptEnabled":true,"databaseEnabled":false,"networkConnectionEnabled":true,"locationContextEnabled":false,"warnings":{},"desired":{"platformName":"Android","automationName":"UiAutomator2","deviceName":"Galaxy A21s","platformVersion":"12.0","app":"C:\\Users\\dicky\\Sanbercode\\Tugas_akhir_mobile_ui\\test\\apk\\Diet_meal.apk","appPackage":"com.fghilmany.dietmealapp","appActivity":"com.fghilmany.dietmealapp.ui.main.MainActivity","noReset":true,"forceAppLaunch":true},"deviceUDID":"RR8NA05A0FP","pixelRatio":"1.75","statBarHeight":68,"viewportRect":{"left":0,"top":68,"width":720,"height":1532},"...
[38;5;0m[HTTP][0m [37m<-- POST /session [39m[32m200[39m [90m10276 ms - 1214[39m
[38;5;0m[HTTP][0m [90m[39m
[38;5;0m[HTTP][0m [37m-->[39m [37mPOST[39m [37m/session/7ac5df70-8804-4602-888c-21c03d9392a5/element[39m
[38;5;0m[HTTP][0m [90m{"using":"xpath","value":"//*[@resource-id=\"com.fghilmany.dietmealapp:id/et_name\"]"}[39m
[38;5;32m[AndroidUiautomator2Driver@1986 (7ac5df70)][0m Calling AppiumDriver.findElement() with args: ["xpath","//*[@resource-id=\"com.fghilmany.dietmealapp:id/et_name\"]","7ac5df70-8804-4602-888c-21c03d9392a5"]
[38;5;32m[AndroidUiautomator2Driver@1986 (7ac5df70)][0m Valid locator strategies for this request: xpath, id, class name, accessibility id, css selector, -android uiautomator
[38;5;32m[AndroidUiautomator2Driver@1986 (7ac5df70)][0m Waiting up to 0 ms for condition
[38;5;32m[AndroidUiautomator2Driver@1986 (7ac5df70)][0m Matched '/element' to command name 'findElement'
[38;5;32m[AndroidUiautomator2Driver@1986 (7ac5df70)][0m Proxying [POST /element] to [POST http://127.0.0.1:8200/session/e3248665-e0a2-42e6-ac69-20a261731425/element] with body: {"strategy":"xpath","selector":"//*[@resource-id=\"com.fghilmany.dietmealapp:id/et_name\"]","context":"","multiple":false}
[38;5;0m[HTTP][0m [37m-->[39m [37mPOST[39m [37m/session/7ac5df70-8804-4602-888c-21c03d9392a5/element[39m
[38;5;0m[HTTP][0m [90m{"using":"xpath","value":"//*[@resource-id=\"com.fghilmany.dietmealapp:id/et_name\"]"}[39m
[38;5;32m[AndroidUiautomator2Driver@1986 (7ac5df70)][0m Calling AppiumDriver.findElement() with args: ["xpath","//*[@resource-id=\"com.fghilmany.dietmealapp:id/et_name\"]","7ac5df70-8804-4602-888c-21c03d9392a5"]
[38;5;32m[AndroidUiautomator2Driver@1986 (7ac5df70)][0m Got response with status 404: {"sessionId":"e3248665-e0a2-42e6-ac69-20a261731425","value":{"error":"no such element","message":"An element could not be located on the page using the given search parameters","stacktrace":"io.appium.uiautomator2.common.exceptions.ElementNotFoundException: An element could not be located on the page using the given search parameters\n\tat io.appium.uiautomator2.utils.ElementLocationHelpers.findElement(ElementLocationHelpers.java:156)\n\tat io.appium.uiautomator2.handler.FindElement.safeHandle(FindElement.java:60)\n\tat io.appium.uiautomator2.handler.request.SafeRequestHandler.handle(SafeRequestHandler.java:59)\n\tat io.appium.uiautomator2.server.AppiumServlet.handleRequest(AppiumServlet.java:259)\n\tat io.appium.uiautomator2.server.AppiumServlet.handleHttpRequest(AppiumServlet.java:253)\n\tat io.appium.uiautomator2.http.ServerHandler.channelRead(ServerHandler.java:77)\n\tat io.netty.channel.AbstractChannelHandlerContext.invokeChannelRead(AbstractChannelHandlerContext.java:366)\n\tat io.netty.channel.Abstr...
[38;5;112m[W3C][0m Matched W3C error code 'no such element' to NoSuchElementError
[38;5;32m[AndroidUiautomator2Driver@1986 (7ac5df70)][0m Valid locator strategies for this request: xpath, id, class name, accessibility id, css selector, -android uiautomator
[38;5;32m[AndroidUiautomator2Driver@1986 (7ac5df70)][0m Waiting up to 0 ms for condition
[38;5;32m[AndroidUiautomator2Driver@1986 (7ac5df70)][0m Matched '/element' to command name 'findElement'
[38;5;32m[AndroidUiautomator2Driver@1986 (7ac5df70)][0m Proxying [POST /element] to [POST http://127.0.0.1:8200/session/e3248665-e0a2-42e6-ac69-20a261731425/element] with body: {"strategy":"xpath","selector":"//*[@resource-id=\"com.fghilmany.dietmealapp:id/et_name\"]","context":"","multiple":false}
[38;5;32m[AndroidUiautomator2Driver@1986 (7ac5df70)][0m Encountered internal error running command: NoSuchElementError: An element could not be located on the page using the given search parameters.
[38;5;32m[AndroidUiautomator2Driver@1986 (7ac5df70)][0m     at AndroidUiautomator2Driver.findElOrEls (C:\Users\dicky\.appium\node_modules\appium-uiautomator2-driver\node_modules\appium-android-driver\lib\commands\find.ts:86:11)
[38;5;32m[AndroidUiautomator2Driver@1986 (7ac5df70)][0m     at processTicksAndRejections (node:internal/process/task_queues:95:5)
[38;5;32m[AndroidUiautomator2Driver@1986 (7ac5df70)][0m     at AndroidUiautomator2Driver.findElOrElsWithProcessing (C:\Users\dicky\AppData\Roaming\npm\node_modules\appium\node_modules\@appium\base-driver\lib\basedriver\commands\find.ts:60:12)
[38;5;32m[AndroidUiautomator2Driver@1986 (7ac5df70)][0m     at AndroidUiautomator2Driver.findElement (C:\Users\dicky\AppData\Roaming\npm\node_modules\appium\node_modules\@appium\base-driver\lib\basedriver\commands\find.ts:75:12)
[38;5;0m[HTTP][0m [37m<-- POST /session/7ac5df70-8804-4602-888c-21c03d9392a5/element [39m[33m404[39m [90m1095 ms - 890[39m
[38;5;0m[HTTP][0m [90m[39m
[38;5;0m[HTTP][0m [37m-->[39m [37mPOST[39m [37m/session/7ac5df70-8804-4602-888c-21c03d9392a5/elements[39m
[38;5;0m[HTTP][0m [90m{"using":"xpath","value":"//*[@resource-id=\"com.fghilmany.dietmealapp:id/et_name\"]"}[39m
[38;5;32m[AndroidUiautomator2Driver@1986 (7ac5df70)][0m Calling AppiumDriver.findElements() with args: ["xpath","//*[@resource-id=\"com.fghilmany.dietmealapp:id/et_name\"]","7ac5df70-8804-4602-888c-21c03d9392a5"]
[38;5;32m[AndroidUiautomator2Driver@1986 (7ac5df70)][0m Got response with status 404: {"sessionId":"e3248665-e0a2-42e6-ac69-20a261731425","value":{"error":"no such element","message":"An element could not be located on the page using the given search parameters","stacktrace":"io.appium.uiautomator2.common.exceptions.ElementNotFoundException: An element could not be located on the page using the given search parameters\n\tat io.appium.uiautomator2.utils.ElementLocationHelpers.findElement(ElementLocationHelpers.java:156)\n\tat io.appium.uiautomator2.handler.FindElement.safeHandle(FindElement.java:60)\n\tat io.appium.uiautomator2.handler.request.SafeRequestHandler.handle(SafeRequestHandler.java:59)\n\tat io.appium.uiautomator2.server.AppiumServlet.handleRequest(AppiumServlet.java:259)\n\tat io.appium.uiautomator2.server.AppiumServlet.handleHttpRequest(AppiumServlet.java:253)\n\tat io.appium.uiautomator2.http.ServerHandler.channelRead(ServerHandler.java:77)\n\tat io.netty.channel.AbstractChannelHandlerContext.invokeChannelRead(AbstractChannelHandlerContext.java:366)\n\tat io.netty.channel.Abstr...
[38;5;112m[W3C][0m Matched W3C error code 'no such element' to NoSuchElementError
[38;5;32m[AndroidUiautomator2Driver@1986 (7ac5df70)][0m Valid locator strategies for this request: xpath, id, class name, accessibility id, css selector, -android uiautomator
[38;5;32m[AndroidUiautomator2Driver@1986 (7ac5df70)][0m Waiting up to 0 ms for condition
[38;5;32m[AndroidUiautomator2Driver@1986 (7ac5df70)][0m Matched '/elements' to command name 'findElements'
[38;5;32m[AndroidUiautomator2Driver@1986 (7ac5df70)][0m Proxying [POST /elements] to [POST http://127.0.0.1:8200/session/e3248665-e0a2-42e6-ac69-20a261731425/elements] with body: {"strategy":"xpath","selector":"//*[@resource-id=\"com.fghilmany.dietmealapp:id/et_name\"]","context":"","multiple":true}
[38;5;32m[AndroidUiautomator2Driver@1986 (7ac5df70)][0m Encountered internal error running command: NoSuchElementError: An element could not be located on the page using the given search parameters.
[38;5;32m[AndroidUiautomator2Driver@1986 (7ac5df70)][0m     at AndroidUiautomator2Driver.findElOrEls (C:\Users\dicky\.appium\node_modules\appium-uiautomator2-driver\node_modules\appium-android-driver\lib\commands\find.ts:86:11)
[38;5;32m[AndroidUiautomator2Driver@1986 (7ac5df70)][0m     at processTicksAndRejections (node:internal/process/task_queues:95:5)
[38;5;32m[AndroidUiautomator2Driver@1986 (7ac5df70)][0m     at AndroidUiautomator2Driver.findElOrElsWithProcessing (C:\Users\dicky\AppData\Roaming\npm\node_modules\appium\node_modules\@appium\base-driver\lib\basedriver\commands\find.ts:60:12)
[38;5;32m[AndroidUiautomator2Driver@1986 (7ac5df70)][0m     at AndroidUiautomator2Driver.findElement (C:\Users\dicky\AppData\Roaming\npm\node_modules\appium\node_modules\@appium\base-driver\lib\basedriver\commands\find.ts:75:12)
[38;5;0m[HTTP][0m [37m<-- POST /session/7ac5df70-8804-4602-888c-21c03d9392a5/element [39m[33m404[39m [90m1173 ms - 890[39m
[38;5;0m[HTTP][0m [90m[39m
[38;5;32m[AndroidUiautomator2Driver@1986 (7ac5df70)][0m Got response with status 200: {"sessionId":"e3248665-e0a2-42e6-ac69-20a261731425","value":[]}
[38;5;32m[AndroidUiautomator2Driver@1986 (7ac5df70)][0m Responding to client with driver.findElements() result: []
[38;5;0m[HTTP][0m [37m<-- POST /session/7ac5df70-8804-4602-888c-21c03d9392a5/elements [39m[32m200[39m [90m141 ms - 12[39m
[38;5;0m[HTTP][0m [90m[39m
[38;5;0m[HTTP][0m [37m-->[39m [37mPOST[39m [37m/session/7ac5df70-8804-4602-888c-21c03d9392a5/elements[39m
[38;5;0m[HTTP][0m [90m{"using":"xpath","value":"//*[@resource-id=\"com.fghilmany.dietmealapp:id/et_name\"]"}[39m
[38;5;32m[AndroidUiautomator2Driver@1986 (7ac5df70)][0m Calling AppiumDriver.findElements() with args: ["xpath","//*[@resource-id=\"com.fghilmany.dietmealapp:id/et_name\"]","7ac5df70-8804-4602-888c-21c03d9392a5"]
[38;5;32m[AndroidUiautomator2Driver@1986 (7ac5df70)][0m Valid locator strategies for this request: xpath, id, class name, accessibility id, css selector, -android uiautomator
[38;5;32m[AndroidUiautomator2Driver@1986 (7ac5df70)][0m Waiting up to 0 ms for condition
[38;5;32m[AndroidUiautomator2Driver@1986 (7ac5df70)][0m Matched '/elements' to command name 'findElements'
[38;5;32m[AndroidUiautomator2Driver@1986 (7ac5df70)][0m Proxying [POST /elements] to [POST http://127.0.0.1:8200/session/e3248665-e0a2-42e6-ac69-20a261731425/elements] with body: {"strategy":"xpath","selector":"//*[@resource-id=\"com.fghilmany.dietmealapp:id/et_name\"]","context":"","multiple":true}
[38;5;32m[AndroidUiautomator2Driver@1986 (7ac5df70)][0m Got response with status 200: {"sessionId":"e3248665-e0a2-42e6-ac69-20a261731425","value":[]}
[38;5;32m[AndroidUiautomator2Driver@1986 (7ac5df70)][0m Responding to client with driver.findElements() result: []
[38;5;0m[HTTP][0m [37m<-- POST /session/7ac5df70-8804-4602-888c-21c03d9392a5/elements [39m[32m200[39m [90m84 ms - 12[39m
[38;5;0m[HTTP][0m [90m[39m
[38;5;0m[HTTP][0m [37m-->[39m [37mPOST[39m [37m/session/7ac5df70-8804-4602-888c-21c03d9392a5/elements[39m
[38;5;0m[HTTP][0m [90m{"using":"xpath","value":"//*[@resource-id=\"com.fghilmany.dietmealapp:id/et_name\"]"}[39m
[38;5;32m[AndroidUiautomator2Driver@1986 (7ac5df70)][0m Calling AppiumDriver.findElements() with args: ["xpath","//*[@resource-id=\"com.fghilmany.dietmealapp:id/et_name\"]","7ac5df70-8804-4602-888c-21c03d9392a5"]
[38;5;32m[AndroidUiautomator2Driver@1986 (7ac5df70)][0m Valid locator strategies for this request: xpath, id, class name, accessibility id, css selector, -android uiautomator
[38;5;32m[AndroidUiautomator2Driver@1986 (7ac5df70)][0m Waiting up to 0 ms for condition
[38;5;32m[AndroidUiautomator2Driver@1986 (7ac5df70)][0m Matched '/elements' to command name 'findElements'
[38;5;32m[AndroidUiautomator2Driver@1986 (7ac5df70)][0m Proxying [POST /elements] to [POST http://127.0.0.1:8200/session/e3248665-e0a2-42e6-ac69-20a261731425/elements] with body: {"strategy":"xpath","selector":"//*[@resource-id=\"com.fghilmany.dietmealapp:id/et_name\"]","context":"","multiple":true}
[38;5;32m[AndroidUiautomator2Driver@1986 (7ac5df70)][0m Got response with status 200: {"sessionId":"e3248665-e0a2-42e6-ac69-20a261731425","value":[]}
[38;5;32m[AndroidUiautomator2Driver@1986 (7ac5df70)][0m Responding to client with driver.findElements() result: []
[38;5;0m[HTTP][0m [37m<-- POST /session/7ac5df70-8804-4602-888c-21c03d9392a5/elements [39m[32m200[39m [90m83 ms - 12[39m
[38;5;0m[HTTP][0m [90m[39m
[38;5;0m[HTTP][0m [37m-->[39m [37mPOST[39m [37m/session/7ac5df70-8804-4602-888c-21c03d9392a5/elements[39m
[38;5;0m[HTTP][0m [90m{"using":"xpath","value":"//*[@resource-id=\"com.fghilmany.dietmealapp:id/et_name\"]"}[39m
[38;5;32m[AndroidUiautomator2Driver@1986 (7ac5df70)][0m Calling AppiumDriver.findElements() with args: ["xpath","//*[@resource-id=\"com.fghilmany.dietmealapp:id/et_name\"]","7ac5df70-8804-4602-888c-21c03d9392a5"]
[38;5;32m[AndroidUiautomator2Driver@1986 (7ac5df70)][0m Valid locator strategies for this request: xpath, id, class name, accessibility id, css selector, -android uiautomator
[38;5;32m[AndroidUiautomator2Driver@1986 (7ac5df70)][0m Waiting up to 0 ms for condition
[38;5;32m[AndroidUiautomator2Driver@1986 (7ac5df70)][0m Matched '/elements' to command name 'findElements'
[38;5;32m[AndroidUiautomator2Driver@1986 (7ac5df70)][0m Proxying [POST /elements] to [POST http://127.0.0.1:8200/session/e3248665-e0a2-42e6-ac69-20a261731425/elements] with body: {"strategy":"xpath","selector":"//*[@resource-id=\"com.fghilmany.dietmealapp:id/et_name\"]","context":"","multiple":true}
[38;5;32m[AndroidUiautomator2Driver@1986 (7ac5df70)][0m Got response with status 200: {"sessionId":"e3248665-e0a2-42e6-ac69-20a261731425","value":[{"ELEMENT":"00000000-0000-0244-ffff-ffff00000017","element-6066-11e4-a52e-4f735466cecf":"00000000-0000-0244-ffff-ffff00000017"}]}
[38;5;32m[AndroidUiautomator2Driver@1986 (7ac5df70)][0m Responding to client with driver.findElements() result: [{"element-6066-11e4-a52e-4f735466cecf":"00000000-0000-0244-ffff-ffff00000017","ELEMENT":"00000000-0000-0244-ffff-ffff00000017"}]
[38;5;0m[HTTP][0m [37m<-- POST /session/7ac5df70-8804-4602-888c-21c03d9392a5/elements [39m[32m200[39m [90m396 ms - 139[39m
[38;5;0m[HTTP][0m [90m[39m
[38;5;0m[HTTP][0m [37m-->[39m [37mPOST[39m [37m/session/7ac5df70-8804-4602-888c-21c03d9392a5/element[39m
[38;5;0m[HTTP][0m [90m{"using":"xpath","value":"//*[@resource-id=\"com.fghilmany.dietmealapp:id/et_name\"]"}[39m
[38;5;32m[AndroidUiautomator2Driver@1986 (7ac5df70)][0m Calling AppiumDriver.findElement() with args: ["xpath","//*[@resource-id=\"com.fghilmany.dietmealapp:id/et_name\"]","7ac5df70-8804-4602-888c-21c03d9392a5"]
[38;5;32m[AndroidUiautomator2Driver@1986 (7ac5df70)][0m Valid locator strategies for this request: xpath, id, class name, accessibility id, css selector, -android uiautomator
[38;5;32m[AndroidUiautomator2Driver@1986 (7ac5df70)][0m Waiting up to 0 ms for condition
[38;5;32m[AndroidUiautomator2Driver@1986 (7ac5df70)][0m Matched '/element' to command name 'findElement'
[38;5;32m[AndroidUiautomator2Driver@1986 (7ac5df70)][0m Proxying [POST /element] to [POST http://127.0.0.1:8200/session/e3248665-e0a2-42e6-ac69-20a261731425/element] with body: {"strategy":"xpath","selector":"//*[@resource-id=\"com.fghilmany.dietmealapp:id/et_name\"]","context":"","multiple":false}
[38;5;32m[AndroidUiautomator2Driver@1986 (7ac5df70)][0m Got response with status 200: {"sessionId":"e3248665-e0a2-42e6-ac69-20a261731425","value":{"ELEMENT":"00000000-0000-0244-ffff-ffff00000017","element-6066-11e4-a52e-4f735466cecf":"00000000-0000-0244-ffff-ffff00000017"}}
[38;5;32m[AndroidUiautomator2Driver@1986 (7ac5df70)][0m Responding to client with driver.findElement() result: {"element-6066-11e4-a52e-4f735466cecf":"00000000-0000-0244-ffff-ffff00000017","ELEMENT":"00000000-0000-0244-ffff-ffff00000017"}
[38;5;0m[HTTP][0m [37m<-- POST /session/7ac5df70-8804-4602-888c-21c03d9392a5/element [39m[32m200[39m [90m631 ms - 137[39m
[38;5;0m[HTTP][0m [90m[39m
[38;5;0m[HTTP][0m [37m-->[39m [37mPOST[39m [37m/session/7ac5df70-8804-4602-888c-21c03d9392a5/element/00000000-0000-0244-ffff-ffff00000017/clear[39m
[38;5;0m[HTTP][0m [90m{}[39m
[38;5;32m[AndroidUiautomator2Driver@1986 (7ac5df70)][0m Calling AppiumDriver.clear() with args: ["00000000-0000-0244-ffff-ffff00000017","7ac5df70-8804-4602-888c-21c03d9392a5"]
[38;5;32m[AndroidUiautomator2Driver@1986 (7ac5df70)][0m Matched '/element/00000000-0000-0244-ffff-ffff00000017/clear' to command name 'clear'
[38;5;32m[AndroidUiautomator2Driver@1986 (7ac5df70)][0m Proxying [POST /element/00000000-0000-0244-ffff-ffff00000017/clear] to [POST http://127.0.0.1:8200/session/e3248665-e0a2-42e6-ac69-20a261731425/element/00000000-0000-0244-ffff-ffff00000017/clear] with body: {"elementId":"00000000-0000-0244-ffff-ffff00000017"}
[38;5;32m[AndroidUiautomator2Driver@1986 (7ac5df70)][0m Got response with status 200: {"sessionId":"e3248665-e0a2-42e6-ac69-20a261731425","value":null}
[38;5;32m[AndroidUiautomator2Driver@1986 (7ac5df70)][0m Responding to client with driver.clear() result: null
[38;5;0m[HTTP][0m [37m<-- POST /session/7ac5df70-8804-4602-888c-21c03d9392a5/element/00000000-0000-0244-ffff-ffff00000017/clear [39m[32m200[39m [90m45 ms - 14[39m
[38;5;0m[HTTP][0m [90m[39m
[38;5;0m[HTTP][0m [37m-->[39m [37mPOST[39m [37m/session/7ac5df70-8804-4602-888c-21c03d9392a5/element/00000000-0000-0244-ffff-ffff00000017/value[39m
[38;5;0m[HTTP][0m [90m{"text":"Dicky Anugrah"}[39m
[38;5;32m[AndroidUiautomator2Driver@1986 (7ac5df70)][0m Calling AppiumDriver.setValue() with args: ["Dicky Anugrah","00000000-0000-0244-ffff-ffff00000017","7ac5df70-8804-4602-888c-21c03d9392a5"]
[38;5;32m[AndroidUiautomator2Driver@1986 (7ac5df70)][0m Matched '/element/00000000-0000-0244-ffff-ffff00000017/value' to command name 'setValue'
[38;5;32m[AndroidUiautomator2Driver@1986 (7ac5df70)][0m Added 'value' property ["D","i","c","k","y"," ","A","n","u","g","r","a","h"] to 'setValue' request body
[38;5;32m[AndroidUiautomator2Driver@1986 (7ac5df70)][0m Proxying [POST /element/00000000-0000-0244-ffff-ffff00000017/value] to [POST http://127.0.0.1:8200/session/e3248665-e0a2-42e6-ac69-20a261731425/element/00000000-0000-0244-ffff-ffff00000017/value] with body: {"elementId":"00000000-0000-0244-ffff-ffff00000017","text":"Dicky Anugrah","replace":false,"value":["D","i","c","k","y"," ","A","n","u","g","r","a","h"]}
[38;5;32m[AndroidUiautomator2Driver@1986 (7ac5df70)][0m Got response with status 200: {"sessionId":"e3248665-e0a2-42e6-ac69-20a261731425","value":null}
[38;5;32m[AndroidUiautomator2Driver@1986 (7ac5df70)][0m Responding to client with driver.setValue() result: null
[38;5;0m[HTTP][0m [37m<-- POST /session/7ac5df70-8804-4602-888c-21c03d9392a5/element/00000000-0000-0244-ffff-ffff00000017/value [39m[32m200[39m [90m1216 ms - 14[39m
[38;5;0m[HTTP][0m [90m[39m
[38;5;0m[HTTP][0m [37m-->[39m [37mPOST[39m [37m/session/7ac5df70-8804-4602-888c-21c03d9392a5/element[39m
[38;5;0m[HTTP][0m [90m{"using":"xpath","value":"//*[@resource-id=\"com.fghilmany.dietmealapp:id/et_weight\"]"}[39m
[38;5;32m[AndroidUiautomator2Driver@1986 (7ac5df70)][0m Calling AppiumDriver.findElement() with args: ["xpath","//*[@resource-id=\"com.fghilmany.dietmealapp:id/et_weight\"]","7ac5df70-8804-4602-888c-21c03d9392a5"]
[38;5;32m[AndroidUiautomator2Driver@1986 (7ac5df70)][0m Valid locator strategies for this request: xpath, id, class name, accessibility id, css selector, -android uiautomator
[38;5;32m[AndroidUiautomator2Driver@1986 (7ac5df70)][0m Waiting up to 0 ms for condition
[38;5;32m[AndroidUiautomator2Driver@1986 (7ac5df70)][0m Matched '/element' to command name 'findElement'
[38;5;32m[AndroidUiautomator2Driver@1986 (7ac5df70)][0m Proxying [POST /element] to [POST http://127.0.0.1:8200/session/e3248665-e0a2-42e6-ac69-20a261731425/element] with body: {"strategy":"xpath","selector":"//*[@resource-id=\"com.fghilmany.dietmealapp:id/et_weight\"]","context":"","multiple":false}
[38;5;0m[HTTP][0m [37m-->[39m [37mPOST[39m [37m/session/7ac5df70-8804-4602-888c-21c03d9392a5/element[39m
[38;5;0m[HTTP][0m [90m{"using":"xpath","value":"//*[@resource-id=\"com.fghilmany.dietmealapp:id/et_weight\"]"}[39m
[38;5;32m[AndroidUiautomator2Driver@1986 (7ac5df70)][0m Calling AppiumDriver.findElement() with args: ["xpath","//*[@resource-id=\"com.fghilmany.dietmealapp:id/et_weight\"]","7ac5df70-8804-4602-888c-21c03d9392a5"]
[38;5;32m[AndroidUiautomator2Driver@1986 (7ac5df70)][0m Got response with status 200: {"sessionId":"e3248665-e0a2-42e6-ac69-20a261731425","value":{"ELEMENT":"00000000-0000-0244-ffff-ffff00000023","element-6066-11e4-a52e-4f735466cecf":"00000000-0000-0244-ffff-ffff00000023"}}
[38;5;32m[AndroidUiautomator2Driver@1986 (7ac5df70)][0m Valid locator strategies for this request: xpath, id, class name, accessibility id, css selector, -android uiautomator
[38;5;32m[AndroidUiautomator2Driver@1986 (7ac5df70)][0m Waiting up to 0 ms for condition
[38;5;32m[AndroidUiautomator2Driver@1986 (7ac5df70)][0m Matched '/element' to command name 'findElement'
[38;5;32m[AndroidUiautomator2Driver@1986 (7ac5df70)][0m Proxying [POST /element] to [POST http://127.0.0.1:8200/session/e3248665-e0a2-42e6-ac69-20a261731425/element] with body: {"strategy":"xpath","selector":"//*[@resource-id=\"com.fghilmany.dietmealapp:id/et_weight\"]","context":"","multiple":false}
[38;5;32m[AndroidUiautomator2Driver@1986 (7ac5df70)][0m Responding to client with driver.findElement() result: {"element-6066-11e4-a52e-4f735466cecf":"00000000-0000-0244-ffff-ffff00000023","ELEMENT":"00000000-0000-0244-ffff-ffff00000023"}
[38;5;0m[HTTP][0m [37m<-- POST /session/7ac5df70-8804-4602-888c-21c03d9392a5/element [39m[32m200[39m [90m694 ms - 137[39m
[38;5;0m[HTTP][0m [90m[39m
[38;5;0m[HTTP][0m [37m-->[39m [37mPOST[39m [37m/session/7ac5df70-8804-4602-888c-21c03d9392a5/element/00000000-0000-0244-ffff-ffff00000023/clear[39m
[38;5;0m[HTTP][0m [90m{}[39m
[38;5;32m[AndroidUiautomator2Driver@1986 (7ac5df70)][0m Calling AppiumDriver.clear() with args: ["00000000-0000-0244-ffff-ffff00000023","7ac5df70-8804-4602-888c-21c03d9392a5"]
[38;5;32m[AndroidUiautomator2Driver@1986 (7ac5df70)][0m Got response with status 200: {"sessionId":"e3248665-e0a2-42e6-ac69-20a261731425","value":{"ELEMENT":"00000000-0000-0244-ffff-ffff00000023","element-6066-11e4-a52e-4f735466cecf":"00000000-0000-0244-ffff-ffff00000023"}}
[38;5;32m[AndroidUiautomator2Driver@1986 (7ac5df70)][0m Matched '/element/00000000-0000-0244-ffff-ffff00000023/clear' to command name 'clear'
[38;5;32m[AndroidUiautomator2Driver@1986 (7ac5df70)][0m Proxying [POST /element/00000000-0000-0244-ffff-ffff00000023/clear] to [POST http://127.0.0.1:8200/session/e3248665-e0a2-42e6-ac69-20a261731425/element/00000000-0000-0244-ffff-ffff00000023/clear] with body: {"elementId":"00000000-0000-0244-ffff-ffff00000023"}
[38;5;32m[AndroidUiautomator2Driver@1986 (7ac5df70)][0m Responding to client with driver.findElement() result: {"element-6066-11e4-a52e-4f735466cecf":"00000000-0000-0244-ffff-ffff00000023","ELEMENT":"00000000-0000-0244-ffff-ffff00000023"}
[38;5;0m[HTTP][0m [37m<-- POST /session/7ac5df70-8804-4602-888c-21c03d9392a5/element [39m[32m200[39m [90m887 ms - 137[39m
[38;5;0m[HTTP][0m [90m[39m
[38;5;32m[AndroidUiautomator2Driver@1986 (7ac5df70)][0m Got response with status 200: {"sessionId":"e3248665-e0a2-42e6-ac69-20a261731425","value":null}
[38;5;32m[AndroidUiautomator2Driver@1986 (7ac5df70)][0m Responding to client with driver.clear() result: null
[38;5;0m[HTTP][0m [37m<-- POST /session/7ac5df70-8804-4602-888c-21c03d9392a5/element/00000000-0000-0244-ffff-ffff00000023/clear [39m[32m200[39m [90m231 ms - 14[39m
[38;5;0m[HTTP][0m [90m[39m
[38;5;0m[HTTP][0m [37m-->[39m [37mPOST[39m [37m/session/7ac5df70-8804-4602-888c-21c03d9392a5/element/00000000-0000-0244-ffff-ffff00000023/value[39m
[38;5;0m[HTTP][0m [90m{"text":"65"}[39m
[38;5;32m[AndroidUiautomator2Driver@1986 (7ac5df70)][0m Calling AppiumDriver.setValue() with args: ["65","00000000-0000-0244-ffff-ffff00000023","7ac5df70-8804-4602-888c-21c03d9392a5"]
[38;5;32m[AndroidUiautomator2Driver@1986 (7ac5df70)][0m Matched '/element/00000000-0000-0244-ffff-ffff00000023/value' to command name 'setValue'
[38;5;32m[AndroidUiautomator2Driver@1986 (7ac5df70)][0m Added 'value' property ["6","5"] to 'setValue' request body
[38;5;32m[AndroidUiautomator2Driver@1986 (7ac5df70)][0m Proxying [POST /element/00000000-0000-0244-ffff-ffff00000023/value] to [POST http://127.0.0.1:8200/session/e3248665-e0a2-42e6-ac69-20a261731425/element/00000000-0000-0244-ffff-ffff00000023/value] with body: {"elementId":"00000000-0000-0244-ffff-ffff00000023","text":"65","replace":false,"value":["6","5"]}
[38;5;32m[AndroidUiautomator2Driver@1986 (7ac5df70)][0m Got response with status 200: {"sessionId":"e3248665-e0a2-42e6-ac69-20a261731425","value":null}
[38;5;32m[AndroidUiautomator2Driver@1986 (7ac5df70)][0m Responding to client with driver.setValue() result: null
[38;5;0m[HTTP][0m [37m<-- POST /session/7ac5df70-8804-4602-888c-21c03d9392a5/element/00000000-0000-0244-ffff-ffff00000023/value [39m[32m200[39m [90m1045 ms - 14[39m
[38;5;0m[HTTP][0m [90m[39m
[38;5;0m[HTTP][0m [37m-->[39m [37mPOST[39m [37m/session/7ac5df70-8804-4602-888c-21c03d9392a5/element[39m
[38;5;0m[HTTP][0m [90m{"using":"xpath","value":"//*[@resource-id=\"com.fghilmany.dietmealapp:id/et_height\"]"}[39m
[38;5;32m[AndroidUiautomator2Driver@1986 (7ac5df70)][0m Calling AppiumDriver.findElement() with args: ["xpath","//*[@resource-id=\"com.fghilmany.dietmealapp:id/et_height\"]","7ac5df70-8804-4602-888c-21c03d9392a5"]
[38;5;32m[AndroidUiautomator2Driver@1986 (7ac5df70)][0m Valid locator strategies for this request: xpath, id, class name, accessibility id, css selector, -android uiautomator
[38;5;32m[AndroidUiautomator2Driver@1986 (7ac5df70)][0m Waiting up to 0 ms for condition
[38;5;32m[AndroidUiautomator2Driver@1986 (7ac5df70)][0m Matched '/element' to command name 'findElement'
[38;5;32m[AndroidUiautomator2Driver@1986 (7ac5df70)][0m Proxying [POST /element] to [POST http://127.0.0.1:8200/session/e3248665-e0a2-42e6-ac69-20a261731425/element] with body: {"strategy":"xpath","selector":"//*[@resource-id=\"com.fghilmany.dietmealapp:id/et_height\"]","context":"","multiple":false}
[38;5;0m[HTTP][0m [37m-->[39m [37mPOST[39m [37m/session/7ac5df70-8804-4602-888c-21c03d9392a5/element[39m
[38;5;0m[HTTP][0m [90m{"using":"xpath","value":"//*[@resource-id=\"com.fghilmany.dietmealapp:id/et_height\"]"}[39m
[38;5;32m[AndroidUiautomator2Driver@1986 (7ac5df70)][0m Calling AppiumDriver.findElement() with args: ["xpath","//*[@resource-id=\"com.fghilmany.dietmealapp:id/et_height\"]","7ac5df70-8804-4602-888c-21c03d9392a5"]
[38;5;32m[AndroidUiautomator2Driver@1986 (7ac5df70)][0m Got response with status 200: {"sessionId":"e3248665-e0a2-42e6-ac69-20a261731425","value":{"ELEMENT":"00000000-0000-0244-ffff-ffff0000002f","element-6066-11e4-a52e-4f735466cecf":"00000000-0000-0244-ffff-ffff0000002f"}}
[38;5;32m[AndroidUiautomator2Driver@1986 (7ac5df70)][0m Valid locator strategies for this request: xpath, id, class name, accessibility id, css selector, -android uiautomator
[38;5;32m[AndroidUiautomator2Driver@1986 (7ac5df70)][0m Waiting up to 0 ms for condition
[38;5;32m[AndroidUiautomator2Driver@1986 (7ac5df70)][0m Matched '/element' to command name 'findElement'
[38;5;32m[AndroidUiautomator2Driver@1986 (7ac5df70)][0m Proxying [POST /element] to [POST http://127.0.0.1:8200/session/e3248665-e0a2-42e6-ac69-20a261731425/element] with body: {"strategy":"xpath","selector":"//*[@resource-id=\"com.fghilmany.dietmealapp:id/et_height\"]","context":"","multiple":false}
[38;5;32m[AndroidUiautomator2Driver@1986 (7ac5df70)][0m Responding to client with driver.findElement() result: {"element-6066-11e4-a52e-4f735466cecf":"00000000-0000-0244-ffff-ffff0000002f","ELEMENT":"00000000-0000-0244-ffff-ffff0000002f"}
[38;5;0m[HTTP][0m [37m<-- POST /session/7ac5df70-8804-4602-888c-21c03d9392a5/element [39m[32m200[39m [90m212 ms - 137[39m
[38;5;0m[HTTP][0m [90m[39m
[38;5;0m[HTTP][0m [37m-->[39m [37mPOST[39m [37m/session/7ac5df70-8804-4602-888c-21c03d9392a5/element/00000000-0000-0244-ffff-ffff0000002f/clear[39m
[38;5;0m[HTTP][0m [90m{}[39m
[38;5;32m[AndroidUiautomator2Driver@1986 (7ac5df70)][0m Calling AppiumDriver.clear() with args: ["00000000-0000-0244-ffff-ffff0000002f","7ac5df70-8804-4602-888c-21c03d9392a5"]
[38;5;32m[AndroidUiautomator2Driver@1986 (7ac5df70)][0m Got response with status 200: {"sessionId":"e3248665-e0a2-42e6-ac69-20a261731425","value":{"ELEMENT":"00000000-0000-0244-ffff-ffff0000002f","element-6066-11e4-a52e-4f735466cecf":"00000000-0000-0244-ffff-ffff0000002f"}}
[38;5;32m[AndroidUiautomator2Driver@1986 (7ac5df70)][0m Matched '/element/00000000-0000-0244-ffff-ffff0000002f/clear' to command name 'clear'
[38;5;32m[AndroidUiautomator2Driver@1986 (7ac5df70)][0m Proxying [POST /element/00000000-0000-0244-ffff-ffff0000002f/clear] to [POST http://127.0.0.1:8200/session/e3248665-e0a2-42e6-ac69-20a261731425/element/00000000-0000-0244-ffff-ffff0000002f/clear] with body: {"elementId":"00000000-0000-0244-ffff-ffff0000002f"}
[38;5;32m[AndroidUiautomator2Driver@1986 (7ac5df70)][0m Responding to client with driver.findElement() result: {"element-6066-11e4-a52e-4f735466cecf":"00000000-0000-0244-ffff-ffff0000002f","ELEMENT":"00000000-0000-0244-ffff-ffff0000002f"}
[38;5;0m[HTTP][0m [37m<-- POST /session/7ac5df70-8804-4602-888c-21c03d9392a5/element [39m[32m200[39m [90m787 ms - 137[39m
[38;5;0m[HTTP][0m [90m[39m
[38;5;32m[AndroidUiautomator2Driver@1986 (7ac5df70)][0m Got response with status 200: {"sessionId":"e3248665-e0a2-42e6-ac69-20a261731425","value":null}
[38;5;32m[AndroidUiautomator2Driver@1986 (7ac5df70)][0m Responding to client with driver.clear() result: null
[38;5;0m[HTTP][0m [37m<-- POST /session/7ac5df70-8804-4602-888c-21c03d9392a5/element/00000000-0000-0244-ffff-ffff0000002f/clear [39m[32m200[39m [90m608 ms - 14[39m
[38;5;0m[HTTP][0m [90m[39m
[38;5;0m[HTTP][0m [37m-->[39m [37mPOST[39m [37m/session/7ac5df70-8804-4602-888c-21c03d9392a5/element/00000000-0000-0244-ffff-ffff0000002f/value[39m
[38;5;0m[HTTP][0m [90m{"text":"170"}[39m
[38;5;32m[AndroidUiautomator2Driver@1986 (7ac5df70)][0m Calling AppiumDriver.setValue() with args: ["170","00000000-0000-0244-ffff-ffff0000002f","7ac5df70-8804-4602-888c-21c03d9392a5"]
[38;5;32m[AndroidUiautomator2Driver@1986 (7ac5df70)][0m Matched '/element/00000000-0000-0244-ffff-ffff0000002f/value' to command name 'setValue'
[38;5;32m[AndroidUiautomator2Driver@1986 (7ac5df70)][0m Added 'value' property ["1","7","0"] to 'setValue' request body
[38;5;32m[AndroidUiautomator2Driver@1986 (7ac5df70)][0m Proxying [POST /element/00000000-0000-0244-ffff-ffff0000002f/value] to [POST http://127.0.0.1:8200/session/e3248665-e0a2-42e6-ac69-20a261731425/element/00000000-0000-0244-ffff-ffff0000002f/value] with body: {"elementId":"00000000-0000-0244-ffff-ffff0000002f","text":"170","replace":false,"value":["1","7","0"]}
[38;5;32m[AndroidUiautomator2Driver@1986 (7ac5df70)][0m Got response with status 200: {"sessionId":"e3248665-e0a2-42e6-ac69-20a261731425","value":null}
[38;5;32m[AndroidUiautomator2Driver@1986 (7ac5df70)][0m Responding to client with driver.setValue() result: null
[38;5;0m[HTTP][0m [37m<-- POST /session/7ac5df70-8804-4602-888c-21c03d9392a5/element/00000000-0000-0244-ffff-ffff0000002f/value [39m[32m200[39m [90m1058 ms - 14[39m
[38;5;0m[HTTP][0m [90m[39m
[38;5;0m[HTTP][0m [37m-->[39m [37mPOST[39m [37m/session/7ac5df70-8804-4602-888c-21c03d9392a5/element[39m
[38;5;0m[HTTP][0m [90m{"using":"xpath","value":"//*[@resource-id=\"com.fghilmany.dietmealapp:id/rb_male\"]"}[39m
[38;5;32m[AndroidUiautomator2Driver@1986 (7ac5df70)][0m Calling AppiumDriver.findElement() with args: ["xpath","//*[@resource-id=\"com.fghilmany.dietmealapp:id/rb_male\"]","7ac5df70-8804-4602-888c-21c03d9392a5"]
[38;5;32m[AndroidUiautomator2Driver@1986 (7ac5df70)][0m Valid locator strategies for this request: xpath, id, class name, accessibility id, css selector, -android uiautomator
[38;5;32m[AndroidUiautomator2Driver@1986 (7ac5df70)][0m Waiting up to 0 ms for condition
[38;5;32m[AndroidUiautomator2Driver@1986 (7ac5df70)][0m Matched '/element' to command name 'findElement'
[38;5;32m[AndroidUiautomator2Driver@1986 (7ac5df70)][0m Proxying [POST /element] to [POST http://127.0.0.1:8200/session/e3248665-e0a2-42e6-ac69-20a261731425/element] with body: {"strategy":"xpath","selector":"//*[@resource-id=\"com.fghilmany.dietmealapp:id/rb_male\"]","context":"","multiple":false}
[38;5;0m[HTTP][0m [37m-->[39m [37mPOST[39m [37m/session/7ac5df70-8804-4602-888c-21c03d9392a5/element[39m
[38;5;0m[HTTP][0m [90m{"using":"xpath","value":"//*[@resource-id=\"com.fghilmany.dietmealapp:id/rb_male\"]"}[39m
[38;5;32m[AndroidUiautomator2Driver@1986 (7ac5df70)][0m Calling AppiumDriver.findElement() with args: ["xpath","//*[@resource-id=\"com.fghilmany.dietmealapp:id/rb_male\"]","7ac5df70-8804-4602-888c-21c03d9392a5"]
[38;5;32m[AndroidUiautomator2Driver@1986 (7ac5df70)][0m Got response with status 200: {"sessionId":"e3248665-e0a2-42e6-ac69-20a261731425","value":{"ELEMENT":"00000000-0000-0244-ffff-ffff0000003a","element-6066-11e4-a52e-4f735466cecf":"00000000-0000-0244-ffff-ffff0000003a"}}
[38;5;32m[AndroidUiautomator2Driver@1986 (7ac5df70)][0m Valid locator strategies for this request: xpath, id, class name, accessibility id, css selector, -android uiautomator
[38;5;32m[AndroidUiautomator2Driver@1986 (7ac5df70)][0m Waiting up to 0 ms for condition
[38;5;32m[AndroidUiautomator2Driver@1986 (7ac5df70)][0m Matched '/element' to command name 'findElement'
[38;5;32m[AndroidUiautomator2Driver@1986 (7ac5df70)][0m Proxying [POST /element] to [POST http://127.0.0.1:8200/session/e3248665-e0a2-42e6-ac69-20a261731425/element] with body: {"strategy":"xpath","selector":"//*[@resource-id=\"com.fghilmany.dietmealapp:id/rb_male\"]","context":"","multiple":false}
[38;5;32m[AndroidUiautomator2Driver@1986 (7ac5df70)][0m Responding to client with driver.findElement() result: {"element-6066-11e4-a52e-4f735466cecf":"00000000-0000-0244-ffff-ffff0000003a","ELEMENT":"00000000-0000-0244-ffff-ffff0000003a"}
[38;5;0m[HTTP][0m [37m<-- POST /session/7ac5df70-8804-4602-888c-21c03d9392a5/element [39m[32m200[39m [90m210 ms - 137[39m
[38;5;0m[HTTP][0m [90m[39m
[38;5;0m[HTTP][0m [37m-->[39m [37mPOST[39m [37m/session/7ac5df70-8804-4602-888c-21c03d9392a5/element/00000000-0000-0244-ffff-ffff0000003a/click[39m
[38;5;0m[HTTP][0m [90m{}[39m
[38;5;32m[AndroidUiautomator2Driver@1986 (7ac5df70)][0m Calling AppiumDriver.click() with args: ["00000000-0000-0244-ffff-ffff0000003a","7ac5df70-8804-4602-888c-21c03d9392a5"]
[38;5;32m[AndroidUiautomator2Driver@1986 (7ac5df70)][0m Got response with status 200: {"sessionId":"e3248665-e0a2-42e6-ac69-20a261731425","value":{"ELEMENT":"00000000-0000-0244-ffff-ffff0000003a","element-6066-11e4-a52e-4f735466cecf":"00000000-0000-0244-ffff-ffff0000003a"}}
[38;5;32m[AndroidUiautomator2Driver@1986 (7ac5df70)][0m Matched '/element/00000000-0000-0244-ffff-ffff0000003a/click' to command name 'click'
[38;5;32m[AndroidUiautomator2Driver@1986 (7ac5df70)][0m Proxying [POST /element/00000000-0000-0244-ffff-ffff0000003a/click] to [POST http://127.0.0.1:8200/session/e3248665-e0a2-42e6-ac69-20a261731425/element/00000000-0000-0244-ffff-ffff0000003a/click] with body: {"element":"00000000-0000-0244-ffff-ffff0000003a"}
[38;5;32m[AndroidUiautomator2Driver@1986 (7ac5df70)][0m Responding to client with driver.findElement() result: {"element-6066-11e4-a52e-4f735466cecf":"00000000-0000-0244-ffff-ffff0000003a","ELEMENT":"00000000-0000-0244-ffff-ffff0000003a"}
[38;5;0m[HTTP][0m [37m<-- POST /session/7ac5df70-8804-4602-888c-21c03d9392a5/element [39m[32m200[39m [90m791 ms - 137[39m
[38;5;0m[HTTP][0m [90m[39m
[38;5;32m[AndroidUiautomator2Driver@1986 (7ac5df70)][0m Got response with status 200: {"sessionId":"e3248665-e0a2-42e6-ac69-20a261731425","value":null}
[38;5;32m[AndroidUiautomator2Driver@1986 (7ac5df70)][0m Responding to client with driver.click() result: null
[38;5;0m[HTTP][0m [37m<-- POST /session/7ac5df70-8804-4602-888c-21c03d9392a5/element/00000000-0000-0244-ffff-ffff0000003a/click [39m[32m200[39m [90m662 ms - 14[39m
[38;5;0m[HTTP][0m [90m[39m
[38;5;0m[HTTP][0m [37m-->[39m [37mPOST[39m [37m/session/7ac5df70-8804-4602-888c-21c03d9392a5/element[39m
[38;5;0m[HTTP][0m [90m{"using":"xpath","value":"//*[@resource-id=\"com.fghilmany.dietmealapp:id/bt_next\"]"}[39m
[38;5;32m[AndroidUiautomator2Driver@1986 (7ac5df70)][0m Calling AppiumDriver.findElement() with args: ["xpath","//*[@resource-id=\"com.fghilmany.dietmealapp:id/bt_next\"]","7ac5df70-8804-4602-888c-21c03d9392a5"]
[38;5;32m[AndroidUiautomator2Driver@1986 (7ac5df70)][0m Valid locator strategies for this request: xpath, id, class name, accessibility id, css selector, -android uiautomator
[38;5;32m[AndroidUiautomator2Driver@1986 (7ac5df70)][0m Waiting up to 0 ms for condition
[38;5;32m[AndroidUiautomator2Driver@1986 (7ac5df70)][0m Matched '/element' to command name 'findElement'
[38;5;32m[AndroidUiautomator2Driver@1986 (7ac5df70)][0m Proxying [POST /element] to [POST http://127.0.0.1:8200/session/e3248665-e0a2-42e6-ac69-20a261731425/element] with body: {"strategy":"xpath","selector":"//*[@resource-id=\"com.fghilmany.dietmealapp:id/bt_next\"]","context":"","multiple":false}
[38;5;0m[HTTP][0m [37m-->[39m [37mPOST[39m [37m/session/7ac5df70-8804-4602-888c-21c03d9392a5/element[39m
[38;5;0m[HTTP][0m [90m{"using":"xpath","value":"//*[@resource-id=\"com.fghilmany.dietmealapp:id/bt_next\"]"}[39m
[38;5;32m[AndroidUiautomator2Driver@1986 (7ac5df70)][0m Calling AppiumDriver.findElement() with args: ["xpath","//*[@resource-id=\"com.fghilmany.dietmealapp:id/bt_next\"]","7ac5df70-8804-4602-888c-21c03d9392a5"]
[38;5;32m[AndroidUiautomator2Driver@1986 (7ac5df70)][0m Got response with status 200: {"sessionId":"e3248665-e0a2-42e6-ac69-20a261731425","value":{"ELEMENT":"00000000-0000-0244-ffff-ffff0000003c","element-6066-11e4-a52e-4f735466cecf":"00000000-0000-0244-ffff-ffff0000003c"}}
[38;5;32m[AndroidUiautomator2Driver@1986 (7ac5df70)][0m Valid locator strategies for this request: xpath, id, class name, accessibility id, css selector, -android uiautomator
[38;5;32m[AndroidUiautomator2Driver@1986 (7ac5df70)][0m Waiting up to 0 ms for condition
[38;5;32m[AndroidUiautomator2Driver@1986 (7ac5df70)][0m Matched '/element' to command name 'findElement'
[38;5;32m[AndroidUiautomator2Driver@1986 (7ac5df70)][0m Proxying [POST /element] to [POST http://127.0.0.1:8200/session/e3248665-e0a2-42e6-ac69-20a261731425/element] with body: {"strategy":"xpath","selector":"//*[@resource-id=\"com.fghilmany.dietmealapp:id/bt_next\"]","context":"","multiple":false}
[38;5;32m[AndroidUiautomator2Driver@1986 (7ac5df70)][0m Responding to client with driver.findElement() result: {"element-6066-11e4-a52e-4f735466cecf":"00000000-0000-0244-ffff-ffff0000003c","ELEMENT":"00000000-0000-0244-ffff-ffff0000003c"}
[38;5;0m[HTTP][0m [37m<-- POST /session/7ac5df70-8804-4602-888c-21c03d9392a5/element [39m[32m200[39m [90m794 ms - 137[39m
[38;5;0m[HTTP][0m [90m[39m
[38;5;0m[HTTP][0m [37m-->[39m [37mPOST[39m [37m/session/7ac5df70-8804-4602-888c-21c03d9392a5/element/00000000-0000-0244-ffff-ffff0000003c/click[39m
[38;5;0m[HTTP][0m [90m{}[39m
[38;5;32m[AndroidUiautomator2Driver@1986 (7ac5df70)][0m Calling AppiumDriver.click() with args: ["00000000-0000-0244-ffff-ffff0000003c","7ac5df70-8804-4602-888c-21c03d9392a5"]
[38;5;32m[AndroidUiautomator2Driver@1986 (7ac5df70)][0m Got response with status 200: {"sessionId":"e3248665-e0a2-42e6-ac69-20a261731425","value":{"ELEMENT":"00000000-0000-0244-ffff-ffff0000003c","element-6066-11e4-a52e-4f735466cecf":"00000000-0000-0244-ffff-ffff0000003c"}}
[38;5;32m[AndroidUiautomator2Driver@1986 (7ac5df70)][0m Matched '/element/00000000-0000-0244-ffff-ffff0000003c/click' to command name 'click'
[38;5;32m[AndroidUiautomator2Driver@1986 (7ac5df70)][0m Proxying [POST /element/00000000-0000-0244-ffff-ffff0000003c/click] to [POST http://127.0.0.1:8200/session/e3248665-e0a2-42e6-ac69-20a261731425/element/00000000-0000-0244-ffff-ffff0000003c/click] with body: {"element":"00000000-0000-0244-ffff-ffff0000003c"}
[38;5;32m[AndroidUiautomator2Driver@1986 (7ac5df70)][0m Responding to client with driver.findElement() result: {"element-6066-11e4-a52e-4f735466cecf":"00000000-0000-0244-ffff-ffff0000003c","ELEMENT":"00000000-0000-0244-ffff-ffff0000003c"}
[38;5;0m[HTTP][0m [37m<-- POST /session/7ac5df70-8804-4602-888c-21c03d9392a5/element [39m[32m200[39m [90m989 ms - 137[39m
[38;5;0m[HTTP][0m [90m[39m
[38;5;32m[AndroidUiautomator2Driver@1986 (7ac5df70)][0m Got response with status 200: {"sessionId":"e3248665-e0a2-42e6-ac69-20a261731425","value":null}
[38;5;32m[AndroidUiautomator2Driver@1986 (7ac5df70)][0m Responding to client with driver.click() result: null
[38;5;0m[HTTP][0m [37m<-- POST /session/7ac5df70-8804-4602-888c-21c03d9392a5/element/00000000-0000-0244-ffff-ffff0000003c/click [39m[32m200[39m [90m256 ms - 14[39m
[38;5;0m[HTTP][0m [90m[39m
[38;5;0m[HTTP][0m [37m-->[39m [37mPOST[39m [37m/session/7ac5df70-8804-4602-888c-21c03d9392a5/element[39m
[38;5;0m[HTTP][0m [90m{"using":"xpath","value":"//*[@resource-id=\"com.fghilmany.dietmealapp:id/rb_low_to_medium\"]"}[39m
[38;5;32m[AndroidUiautomator2Driver@1986 (7ac5df70)][0m Calling AppiumDriver.findElement() with args: ["xpath","//*[@resource-id=\"com.fghilmany.dietmealapp:id/rb_low_to_medium\"]","7ac5df70-8804-4602-888c-21c03d9392a5"]
[38;5;32m[AndroidUiautomator2Driver@1986 (7ac5df70)][0m Valid locator strategies for this request: xpath, id, class name, accessibility id, css selector, -android uiautomator
[38;5;32m[AndroidUiautomator2Driver@1986 (7ac5df70)][0m Waiting up to 0 ms for condition
[38;5;32m[AndroidUiautomator2Driver@1986 (7ac5df70)][0m Matched '/element' to command name 'findElement'
[38;5;32m[AndroidUiautomator2Driver@1986 (7ac5df70)][0m Proxying [POST /element] to [POST http://127.0.0.1:8200/session/e3248665-e0a2-42e6-ac69-20a261731425/element] with body: {"strategy":"xpath","selector":"//*[@resource-id=\"com.fghilmany.dietmealapp:id/rb_low_to_medium\"]","context":"","multiple":false}
[38;5;0m[HTTP][0m [37m-->[39m [37mPOST[39m [37m/session/7ac5df70-8804-4602-888c-21c03d9392a5/element[39m
[38;5;0m[HTTP][0m [90m{"using":"xpath","value":"//*[@resource-id=\"com.fghilmany.dietmealapp:id/rb_low_to_medium\"]"}[39m
[38;5;32m[AndroidUiautomator2Driver@1986 (7ac5df70)][0m Calling AppiumDriver.findElement() with args: ["xpath","//*[@resource-id=\"com.fghilmany.dietmealapp:id/rb_low_to_medium\"]","7ac5df70-8804-4602-888c-21c03d9392a5"]
[38;5;32m[AndroidUiautomator2Driver@1986 (7ac5df70)][0m Got response with status 200: {"sessionId":"e3248665-e0a2-42e6-ac69-20a261731425","value":{"ELEMENT":"00000000-0000-0244-ffff-ffff00000044","element-6066-11e4-a52e-4f735466cecf":"00000000-0000-0244-ffff-ffff00000044"}}
[38;5;32m[AndroidUiautomator2Driver@1986 (7ac5df70)][0m Valid locator strategies for this request: xpath, id, class name, accessibility id, css selector, -android uiautomator
[38;5;32m[AndroidUiautomator2Driver@1986 (7ac5df70)][0m Waiting up to 0 ms for condition
[38;5;32m[AndroidUiautomator2Driver@1986 (7ac5df70)][0m Matched '/element' to command name 'findElement'
[38;5;32m[AndroidUiautomator2Driver@1986 (7ac5df70)][0m Proxying [POST /element] to [POST http://127.0.0.1:8200/session/e3248665-e0a2-42e6-ac69-20a261731425/element] with body: {"strategy":"xpath","selector":"//*[@resource-id=\"com.fghilmany.dietmealapp:id/rb_low_to_medium\"]","context":"","multiple":false}
[38;5;32m[AndroidUiautomator2Driver@1986 (7ac5df70)][0m Responding to client with driver.findElement() result: {"element-6066-11e4-a52e-4f735466cecf":"00000000-0000-0244-ffff-ffff00000044","ELEMENT":"00000000-0000-0244-ffff-ffff00000044"}
[38;5;0m[HTTP][0m [37m<-- POST /session/7ac5df70-8804-4602-888c-21c03d9392a5/element [39m[32m200[39m [90m242 ms - 137[39m
[38;5;0m[HTTP][0m [90m[39m
[38;5;0m[HTTP][0m [37m-->[39m [37mPOST[39m [37m/session/7ac5df70-8804-4602-888c-21c03d9392a5/element/00000000-0000-0244-ffff-ffff00000044/click[39m
[38;5;0m[HTTP][0m [90m{}[39m
[38;5;32m[AndroidUiautomator2Driver@1986 (7ac5df70)][0m Calling AppiumDriver.click() with args: ["00000000-0000-0244-ffff-ffff00000044","7ac5df70-8804-4602-888c-21c03d9392a5"]
[38;5;32m[AndroidUiautomator2Driver@1986 (7ac5df70)][0m Got response with status 200: {"sessionId":"e3248665-e0a2-42e6-ac69-20a261731425","value":{"ELEMENT":"00000000-0000-0244-ffff-ffff00000044","element-6066-11e4-a52e-4f735466cecf":"00000000-0000-0244-ffff-ffff00000044"}}
[38;5;32m[AndroidUiautomator2Driver@1986 (7ac5df70)][0m Matched '/element/00000000-0000-0244-ffff-ffff00000044/click' to command name 'click'
[38;5;32m[AndroidUiautomator2Driver@1986 (7ac5df70)][0m Proxying [POST /element/00000000-0000-0244-ffff-ffff00000044/click] to [POST http://127.0.0.1:8200/session/e3248665-e0a2-42e6-ac69-20a261731425/element/00000000-0000-0244-ffff-ffff00000044/click] with body: {"element":"00000000-0000-0244-ffff-ffff00000044"}
[38;5;32m[AndroidUiautomator2Driver@1986 (7ac5df70)][0m Responding to client with driver.findElement() result: {"element-6066-11e4-a52e-4f735466cecf":"00000000-0000-0244-ffff-ffff00000044","ELEMENT":"00000000-0000-0244-ffff-ffff00000044"}
[38;5;0m[HTTP][0m [37m<-- POST /session/7ac5df70-8804-4602-888c-21c03d9392a5/element [39m[32m200[39m [90m820 ms - 137[39m
[38;5;0m[HTTP][0m [90m[39m
[38;5;32m[AndroidUiautomator2Driver@1986 (7ac5df70)][0m Got response with status 200: {"sessionId":"e3248665-e0a2-42e6-ac69-20a261731425","value":null}
[38;5;32m[AndroidUiautomator2Driver@1986 (7ac5df70)][0m Responding to client with driver.click() result: null
[38;5;0m[HTTP][0m [37m<-- POST /session/7ac5df70-8804-4602-888c-21c03d9392a5/element/00000000-0000-0244-ffff-ffff00000044/click [39m[32m200[39m [90m635 ms - 14[39m
[38;5;0m[HTTP][0m [90m[39m
[38;5;0m[HTTP][0m [37m-->[39m [37mPOST[39m [37m/session/7ac5df70-8804-4602-888c-21c03d9392a5/element[39m
[38;5;0m[HTTP][0m [90m{"using":"xpath","value":"//*[@resource-id=\"com.fghilmany.dietmealapp:id/bt_finish\"]"}[39m
[38;5;32m[AndroidUiautomator2Driver@1986 (7ac5df70)][0m Calling AppiumDriver.findElement() with args: ["xpath","//*[@resource-id=\"com.fghilmany.dietmealapp:id/bt_finish\"]","7ac5df70-8804-4602-888c-21c03d9392a5"]
[38;5;32m[AndroidUiautomator2Driver@1986 (7ac5df70)][0m Valid locator strategies for this request: xpath, id, class name, accessibility id, css selector, -android uiautomator
[38;5;32m[AndroidUiautomator2Driver@1986 (7ac5df70)][0m Waiting up to 0 ms for condition
[38;5;32m[AndroidUiautomator2Driver@1986 (7ac5df70)][0m Matched '/element' to command name 'findElement'
[38;5;32m[AndroidUiautomator2Driver@1986 (7ac5df70)][0m Proxying [POST /element] to [POST http://127.0.0.1:8200/session/e3248665-e0a2-42e6-ac69-20a261731425/element] with body: {"strategy":"xpath","selector":"//*[@resource-id=\"com.fghilmany.dietmealapp:id/bt_finish\"]","context":"","multiple":false}
[38;5;0m[HTTP][0m [37m-->[39m [37mPOST[39m [37m/session/7ac5df70-8804-4602-888c-21c03d9392a5/element[39m
[38;5;0m[HTTP][0m [90m{"using":"xpath","value":"//*[@resource-id=\"com.fghilmany.dietmealapp:id/bt_finish\"]"}[39m
[38;5;32m[AndroidUiautomator2Driver@1986 (7ac5df70)][0m Calling AppiumDriver.findElement() with args: ["xpath","//*[@resource-id=\"com.fghilmany.dietmealapp:id/bt_finish\"]","7ac5df70-8804-4602-888c-21c03d9392a5"]
[38;5;32m[AndroidUiautomator2Driver@1986 (7ac5df70)][0m Got response with status 200: {"sessionId":"e3248665-e0a2-42e6-ac69-20a261731425","value":{"ELEMENT":"00000000-0000-0244-ffff-ffff00000048","element-6066-11e4-a52e-4f735466cecf":"00000000-0000-0244-ffff-ffff00000048"}}
[38;5;32m[AndroidUiautomator2Driver@1986 (7ac5df70)][0m Valid locator strategies for this request: xpath, id, class name, accessibility id, css selector, -android uiautomator
[38;5;32m[AndroidUiautomator2Driver@1986 (7ac5df70)][0m Waiting up to 0 ms for condition
[38;5;32m[AndroidUiautomator2Driver@1986 (7ac5df70)][0m Matched '/element' to command name 'findElement'
[38;5;32m[AndroidUiautomator2Driver@1986 (7ac5df70)][0m Proxying [POST /element] to [POST http://127.0.0.1:8200/session/e3248665-e0a2-42e6-ac69-20a261731425/element] with body: {"strategy":"xpath","selector":"//*[@resource-id=\"com.fghilmany.dietmealapp:id/bt_finish\"]","context":"","multiple":false}
[38;5;32m[AndroidUiautomator2Driver@1986 (7ac5df70)][0m Responding to client with driver.findElement() result: {"element-6066-11e4-a52e-4f735466cecf":"00000000-0000-0244-ffff-ffff00000048","ELEMENT":"00000000-0000-0244-ffff-ffff00000048"}
[38;5;0m[HTTP][0m [37m<-- POST /session/7ac5df70-8804-4602-888c-21c03d9392a5/element [39m[32m200[39m [90m738 ms - 137[39m
[38;5;0m[HTTP][0m [90m[39m
[38;5;0m[HTTP][0m [37m-->[39m [37mPOST[39m [37m/session/7ac5df70-8804-4602-888c-21c03d9392a5/element/00000000-0000-0244-ffff-ffff00000048/click[39m
[38;5;0m[HTTP][0m [90m{}[39m
[38;5;32m[AndroidUiautomator2Driver@1986 (7ac5df70)][0m Calling AppiumDriver.click() with args: ["00000000-0000-0244-ffff-ffff00000048","7ac5df70-8804-4602-888c-21c03d9392a5"]
[38;5;32m[AndroidUiautomator2Driver@1986 (7ac5df70)][0m Got response with status 200: {"sessionId":"e3248665-e0a2-42e6-ac69-20a261731425","value":{"ELEMENT":"00000000-0000-0244-ffff-ffff00000048","element-6066-11e4-a52e-4f735466cecf":"00000000-0000-0244-ffff-ffff00000048"}}
[38;5;32m[AndroidUiautomator2Driver@1986 (7ac5df70)][0m Matched '/element/00000000-0000-0244-ffff-ffff00000048/click' to command name 'click'
[38;5;32m[AndroidUiautomator2Driver@1986 (7ac5df70)][0m Proxying [POST /element/00000000-0000-0244-ffff-ffff00000048/click] to [POST http://127.0.0.1:8200/session/e3248665-e0a2-42e6-ac69-20a261731425/element/00000000-0000-0244-ffff-ffff00000048/click] with body: {"element":"00000000-0000-0244-ffff-ffff00000048"}
[38;5;32m[AndroidUiautomator2Driver@1986 (7ac5df70)][0m Responding to client with driver.findElement() result: {"element-6066-11e4-a52e-4f735466cecf":"00000000-0000-0244-ffff-ffff00000048","ELEMENT":"00000000-0000-0244-ffff-ffff00000048"}
[38;5;0m[HTTP][0m [37m<-- POST /session/7ac5df70-8804-4602-888c-21c03d9392a5/element [39m[32m200[39m [90m859 ms - 137[39m
[38;5;0m[HTTP][0m [90m[39m
[38;5;32m[AndroidUiautomator2Driver@1986 (7ac5df70)][0m Got response with status 200: {"sessionId":"e3248665-e0a2-42e6-ac69-20a261731425","value":null}
[38;5;32m[AndroidUiautomator2Driver@1986 (7ac5df70)][0m Responding to client with driver.click() result: null
[38;5;0m[HTTP][0m [37m<-- POST /session/7ac5df70-8804-4602-888c-21c03d9392a5/element/00000000-0000-0244-ffff-ffff00000048/click [39m[32m200[39m [90m173 ms - 14[39m
[38;5;0m[HTTP][0m [90m[39m
[38;5;0m[HTTP][0m [37m-->[39m [37mDELETE[39m [37m/session/7ac5df70-8804-4602-888c-21c03d9392a5[39m
[38;5;0m[HTTP][0m [90m{}[39m
[38;5;32m[AndroidUiautomator2Driver@1986 (7ac5df70)][0m Calling AppiumDriver.deleteSession() with args: ["7ac5df70-8804-4602-888c-21c03d9392a5"]
[38;5;16m[AppiumDriver@81aa][0m Event 'quitSessionRequested' logged at 1710313006430 (13:56:46 GMT+0700 (Indochina Time))
[38;5;16m[AppiumDriver@81aa][0m Removing session 7ac5df70-8804-4602-888c-21c03d9392a5 from our master session list
[38;5;32m[AndroidUiautomator2Driver@1986 (7ac5df70)][0m Deleting UiAutomator2 session
[38;5;32m[AndroidUiautomator2Driver@1986 (7ac5df70)][0m Deleting UiAutomator2 server session
[38;5;32m[AndroidUiautomator2Driver@1986 (7ac5df70)][0m Matched '/' to command name 'deleteSession'
[38;5;32m[AndroidUiautomator2Driver@1986 (7ac5df70)][0m Proxying [DELETE /] to [DELETE http://127.0.0.1:8200/session/e3248665-e0a2-42e6-ac69-20a261731425] with no body
[38;5;32m[AndroidUiautomator2Driver@1986 (7ac5df70)][0m Got response with status 200: {"sessionId":"e3248665-e0a2-42e6-ac69-20a261731425","value":null}
[38;5;48m[ADB][0m Running 'C:\Users\dicky\AppData\Local\Android\Sdk\platform-tools\adb.exe -P 5037 -s RR8NA05A0FP shell dumpsys activity services io.appium.settings/.recorder.RecorderService'
[38;5;80m[Logcat][0m Stopping logcat capture
[38;5;48m[ADB][0m Removing forwarded port socket connection: 8200 
[38;5;48m[ADB][0m Running 'C:\Users\dicky\AppData\Local\Android\Sdk\platform-tools\adb.exe -P 5037 -s RR8NA05A0FP forward --remove tcp:8200'
[38;5;32m[AndroidUiautomator2Driver@1986 (7ac5df70)][0m Restoring hidden api policy to the device default configuration
[38;5;48m[ADB][0m Running 'C:\Users\dicky\AppData\Local\Android\Sdk\platform-tools\adb.exe -P 5037 -s RR8NA05A0FP shell 'settings delete global hidden_api_policy_pre_p_apps;settings delete global hidden_api_policy_p_apps;settings delete global hidden_api_policy''
[38;5;16m[AppiumDriver@81aa][0m Event 'quitSessionFinished' logged at 1710313006688 (13:56:46 GMT+0700 (Indochina Time))
[38;5;16m[AppiumDriver@81aa][0m Received response: null
[38;5;16m[AppiumDriver@81aa][0m But deleting session, so not returning
[38;5;16m[AppiumDriver@81aa][0m Responding to client with driver.deleteSession() result: null
[38;5;0m[HTTP][0m [37m<-- DELETE /session/7ac5df70-8804-4602-888c-21c03d9392a5 [39m[32m200[39m [90m260 ms - 14[39m
[38;5;0m[HTTP][0m [90m[39m
